This is pdfTeX, Version 3.14159265-2.6-1.40.18 (TeX Live 2017/Debian) (preloaded format=pdflatex 2018.2.12)  25 JUL 2018 17:30
entering extended mode
 restricted \write18 enabled.
 %&-line parsing enabled.
**warping.tex
(./warping.tex
LaTeX2e <2017-04-15>
Babel <3.12> and hyphenation patterns for 84 language(s) loaded.
(/usr/share/texlive/texmf-dist/tex/latex/base/fix-cm.sty
Package: fix-cm 2015/01/14 v1.1t fixes to LaTeX

(/usr/share/texlive/texmf-dist/tex/latex/base/ts1enc.def
File: ts1enc.def 2001/06/05 v3.0e (jk/car/fm) Standard LaTeX file
)) (./svjour3.cls
Document Class: svjour3 2007/05/08 v3.2 
LaTeX document class for Springer journals
Class Springer-SVJour3 Info: extra/valid Springer sub-package (-> *.clo) 
(Springer-SVJour3)           not found in option list of \documentclass
(Springer-SVJour3)           - autoactivating "global" style.
(./svglov3.clo
File: svglov3.clo 2009/12/18 v3.2 style option for standardised journals

SVJour Class option: svglov3.clo for standardised journals
)
LaTeX Font Info:    Redeclaring math symbol \Gamma on input line 147.
LaTeX Font Info:    Redeclaring math symbol \Delta on input line 148.
LaTeX Font Info:    Redeclaring math symbol \Theta on input line 149.
LaTeX Font Info:    Redeclaring math symbol \Lambda on input line 150.
LaTeX Font Info:    Redeclaring math symbol \Xi on input line 151.
LaTeX Font Info:    Redeclaring math symbol \Pi on input line 152.
LaTeX Font Info:    Redeclaring math symbol \Sigma on input line 153.
LaTeX Font Info:    Redeclaring math symbol \Upsilon on input line 154.
LaTeX Font Info:    Redeclaring math symbol \Phi on input line 155.
LaTeX Font Info:    Redeclaring math symbol \Psi on input line 156.
LaTeX Font Info:    Redeclaring math symbol \Omega on input line 157.
\logodepth=\dimen102
\headerboxheight=\dimen103
\betweenumberspace=\dimen104
\aftertext=\dimen105
\headlineindent=\dimen106
\c@inst=\count79
\c@auth=\count80
\instindent=\dimen107
\authrun=\box26
\authorrunning=\toks14
\titrun=\box27
\titlerunning=\toks15
\combirun=\box28
\c@lastpage=\count81
\rubricwidth=\dimen108
\c@section=\count82
\c@subsection=\count83
\c@subsubsection=\count84
\c@paragraph=\count85
\c@subparagraph=\count86
\spthmsep=\dimen109
\c@theorem=\count87
\c@case=\count88
\c@conjecture=\count89
\c@corollary=\count90
\c@definition=\count91
\c@example=\count92
\c@exercise=\count93
\c@lemma=\count94
\c@note=\count95
\c@problem=\count96
\c@property=\count97
\c@proposition=\count98
\c@question=\count99
\c@solution=\count100
\c@remark=\count101
\c@figure=\count102
\c@table=\count103
\abovecaptionskip=\skip41
\belowcaptionskip=\skip42
\figcapgap=\dimen110
\tabcapgap=\dimen111
\figgap=\dimen112
\bibindent=\dimen113
\@tempcntc=\count104
) (/usr/share/texlive/texmf-dist/tex/latex/booktabs/booktabs.sty
Package: booktabs 2016/04/27 v1.618033 publication quality tables
\heavyrulewidth=\dimen114
\lightrulewidth=\dimen115
\cmidrulewidth=\dimen116
\belowrulesep=\dimen117
\belowbottomsep=\dimen118
\aboverulesep=\dimen119
\abovetopsep=\dimen120
\cmidrulesep=\dimen121
\cmidrulekern=\dimen122
\defaultaddspace=\dimen123
\@cmidla=\count105
\@cmidlb=\count106
\@aboverulesep=\dimen124
\@belowrulesep=\dimen125
\@thisruleclass=\count107
\@lastruleclass=\count108
\@thisrulewidth=\dimen126
)
(/usr/share/texlive/texmf-dist/tex/latex/graphics/graphicx.sty
Package: graphicx 2017/06/01 v1.1a Enhanced LaTeX Graphics (DPC,SPQR)

(/usr/share/texlive/texmf-dist/tex/latex/graphics/keyval.sty
Package: keyval 2014/10/28 v1.15 key=value parser (DPC)
\KV@toks@=\toks16
)
(/usr/share/texlive/texmf-dist/tex/latex/graphics/graphics.sty
Package: graphics 2017/06/25 v1.2c Standard LaTeX Graphics (DPC,SPQR)

(/usr/share/texlive/texmf-dist/tex/latex/graphics/trig.sty
Package: trig 2016/01/03 v1.10 sin cos tan (DPC)
)
(/usr/share/texlive/texmf-dist/tex/latex/graphics-cfg/graphics.cfg
File: graphics.cfg 2016/06/04 v1.11 sample graphics configuration
)
Package graphics Info: Driver file: pdftex.def on input line 99.

(/usr/share/texlive/texmf-dist/tex/latex/graphics-def/pdftex.def
File: pdftex.def 2017/06/24 v1.0g Graphics/color driver for pdftex
))
\Gin@req@height=\dimen127
\Gin@req@width=\dimen128
)
(/usr/share/texlive/texmf-dist/tex/latex/psnfss/times.sty
Package: times 2005/04/12 PSNFSS-v9.2a (SPQR) 
)
(/usr/share/texlive/texmf-dist/tex/latex/base/latexsym.sty
Package: latexsym 1998/08/17 v2.2e Standard LaTeX package (lasy symbols)
\symlasy=\mathgroup4
LaTeX Font Info:    Overwriting symbol font `lasy' in version `bold'
(Font)                  U/lasy/m/n --> U/lasy/b/n on input line 52.
)
(/usr/share/texlive/texmf-dist/tex/latex/jknapltx/mathrsfs.sty
Package: mathrsfs 1996/01/01 Math RSFS package v1.0 (jk)
\symrsfs=\mathgroup5
)
(/usr/share/texlive/texmf-dist/tex/latex/amsfonts/amssymb.sty
Package: amssymb 2013/01/14 v3.01 AMS font symbols

(/usr/share/texlive/texmf-dist/tex/latex/amsfonts/amsfonts.sty
Package: amsfonts 2013/01/14 v3.01 Basic AMSFonts support
\@emptytoks=\toks17
\symAMSa=\mathgroup6
\symAMSb=\mathgroup7
LaTeX Font Info:    Overwriting math alphabet `\mathfrak' in version `bold'
(Font)                  U/euf/m/n --> U/euf/b/n on input line 106.
))
(/usr/share/texlive/texmf-dist/tex/latex/amsmath/amsmath.sty
Package: amsmath 2016/11/05 v2.16a AMS math features
\@mathmargin=\skip43

For additional information on amsmath, use the `?' option.
(/usr/share/texlive/texmf-dist/tex/latex/amsmath/amstext.sty
Package: amstext 2000/06/29 v2.01 AMS text

(/usr/share/texlive/texmf-dist/tex/latex/amsmath/amsgen.sty
File: amsgen.sty 1999/11/30 v2.0 generic functions
\@emptytoks=\toks18
\ex@=\dimen129
))
(/usr/share/texlive/texmf-dist/tex/latex/amsmath/amsbsy.sty
Package: amsbsy 1999/11/29 v1.2d Bold Symbols
\pmbraise@=\dimen130
)
(/usr/share/texlive/texmf-dist/tex/latex/amsmath/amsopn.sty
Package: amsopn 2016/03/08 v2.02 operator names
)
\inf@bad=\count109
LaTeX Info: Redefining \frac on input line 213.
\uproot@=\count110
\leftroot@=\count111
LaTeX Info: Redefining \overline on input line 375.
\classnum@=\count112
\DOTSCASE@=\count113
LaTeX Info: Redefining \ldots on input line 472.
LaTeX Info: Redefining \dots on input line 475.
LaTeX Info: Redefining \cdots on input line 596.
\Mathstrutbox@=\box29
\strutbox@=\box30
\big@size=\dimen131
LaTeX Font Info:    Redeclaring font encoding OML on input line 712.
LaTeX Font Info:    Redeclaring font encoding OMS on input line 713.


Package amsmath Warning: Unable to redefine math accent \vec.

\macc@depth=\count114
\c@MaxMatrixCols=\count115
\dotsspace@=\muskip10
\c@parentequation=\count116
\dspbrk@lvl=\count117
\tag@help=\toks19
\row@=\count118
\column@=\count119
\maxfields@=\count120
\andhelp@=\toks20
\eqnshift@=\dimen132
\alignsep@=\dimen133
\tagshift@=\dimen134
\tagwidth@=\dimen135
\totwidth@=\dimen136
\lineht@=\dimen137
\@envbody=\toks21
\multlinegap=\skip44
\multlinetaggap=\skip45
\mathdisplay@stack=\toks22
LaTeX Info: Redefining \[ on input line 2817.
LaTeX Info: Redefining \] on input line 2818.
) (/usr/share/texlive/texmf-dist/tex/latex/natbib/natbib.sty
Package: natbib 2010/09/13 8.31b (PWD, AO)
\bibhang=\skip46
\bibsep=\skip47
LaTeX Info: Redefining \cite on input line 694.
\c@NAT@ctr=\count121
)
(/usr/share/texlive/texmf-dist/tex/latex/graphics/color.sty
Package: color 2016/07/10 v1.1e Standard LaTeX Color (DPC)

(/usr/share/texlive/texmf-dist/tex/latex/graphics-cfg/color.cfg
File: color.cfg 2016/01/02 v1.6 sample color configuration
)
Package color Info: Driver file: pdftex.def on input line 147.
)
(/usr/share/texlive/texmf-dist/tex/latex/bbm-macros/bbm.sty
Package: bbm 1999/03/15 V 1.2 provides fonts for set symbols - TH
LaTeX Font Info:    Overwriting math alphabet `\mathbbm' in version `bold'
(Font)                  U/bbm/m/n --> U/bbm/bx/n on input line 33.
LaTeX Font Info:    Overwriting math alphabet `\mathbbmss' in version `bold'
(Font)                  U/bbmss/m/n --> U/bbmss/bx/n on input line 35.
)
(/usr/share/texlive/texmf-dist/tex/latex/url/url.sty
\Urlmuskip=\muskip11
Package: url 2013/09/16  ver 3.4  Verb mode for urls, etc.
)
(/usr/share/texlive/texmf-dist/tex/latex/xcolor/xcolor.sty
Package: xcolor 2016/05/11 v2.12 LaTeX color extensions (UK)

(/usr/share/texlive/texmf-dist/tex/latex/graphics-cfg/color.cfg
File: color.cfg 2016/01/02 v1.6 sample color configuration
)
Package xcolor Info: Driver file: pdftex.def on input line 225.
LaTeX Info: Redefining \color on input line 709.
Package xcolor Info: Model `cmy' substituted by `cmy0' on input line 1348.
Package xcolor Info: Model `hsb' substituted by `rgb' on input line 1352.
Package xcolor Info: Model `RGB' extended on input line 1364.
Package xcolor Info: Model `HTML' substituted by `rgb' on input line 1366.
Package xcolor Info: Model `Hsb' substituted by `hsb' on input line 1367.
Package xcolor Info: Model `tHsb' substituted by `hsb' on input line 1368.
Package xcolor Info: Model `HSB' substituted by `hsb' on input line 1369.
Package xcolor Info: Model `Gray' substituted by `gray' on input line 1370.
Package xcolor Info: Model `wave' substituted by `hsb' on input line 1371.

(/usr/share/texlive/texmf-dist/tex/latex/graphics/dvipsnam.def
File: dvipsnam.def 2016/06/17 v3.0m Driver-dependent file (DPC,SPQR)
)
(/usr/share/texlive/texmf-dist/tex/latex/xcolor/svgnam.def
File: svgnam.def 2016/05/11 v2.12 Predefined colors according to SVG 1.1 (UK)
))
(/usr/share/texlive/texmf-dist/tex/generic/ulem/ulem.sty
\UL@box=\box31
\UL@hyphenbox=\box32
\UL@skip=\skip48
\UL@hook=\toks23
\UL@height=\dimen138
\UL@pe=\count122
\UL@pixel=\dimen139
\ULC@box=\box33
Package: ulem 2012/05/18
\ULdepth=\dimen140
) (./collab_tex.sty)
(./warping.aux)
\openout1 = `warping.aux'.

LaTeX Font Info:    Checking defaults for OML/cmm/m/it on input line 87.
LaTeX Font Info:    ... okay on input line 87.
LaTeX Font Info:    Checking defaults for T1/cmr/m/n on input line 87.
LaTeX Font Info:    ... okay on input line 87.
LaTeX Font Info:    Checking defaults for OT1/cmr/m/n on input line 87.
LaTeX Font Info:    ... okay on input line 87.
LaTeX Font Info:    Checking defaults for OMS/cmsy/m/n on input line 87.
LaTeX Font Info:    ... okay on input line 87.
LaTeX Font Info:    Checking defaults for OMX/cmex/m/n on input line 87.
LaTeX Font Info:    ... okay on input line 87.
LaTeX Font Info:    Checking defaults for U/cmr/m/n on input line 87.
LaTeX Font Info:    ... okay on input line 87.
LaTeX Font Info:    Checking defaults for TS1/cmr/m/n on input line 87.
LaTeX Font Info:    ... okay on input line 87.
LaTeX Font Info:    Try loading font information for OT1+ptm on input line 87.
 (/usr/share/texlive/texmf-dist/tex/latex/psnfss/ot1ptm.fd
File: ot1ptm.fd 2001/06/04 font definitions for OT1/ptm.
)
Unknown journal: specify \journalname{<name of your journal>} in preambel

(/usr/share/texlive/texmf-dist/tex/context/base/mkii/supp-pdf.mkii
[Loading MPS to PDF converter (version 2006.09.02).]
\scratchcounter=\count123
\scratchdimen=\dimen141
\scratchbox=\box34
\nofMPsegments=\count124
\nofMParguments=\count125
\everyMPshowfont=\toks24
\MPscratchCnt=\count126
\MPscratchDim=\dimen142
\MPnumerator=\count127
\makeMPintoPDFobject=\count128
\everyMPtoPDFconversion=\toks25
) (/usr/share/texlive/texmf-dist/tex/latex/oberdiek/epstopdf-base.sty
Package: epstopdf-base 2016/05/15 v2.6 Base part for package epstopdf

(/usr/share/texlive/texmf-dist/tex/generic/oberdiek/infwarerr.sty
Package: infwarerr 2016/05/16 v1.4 Providing info/warning/error messages (HO)
)
(/usr/share/texlive/texmf-dist/tex/latex/oberdiek/grfext.sty
Package: grfext 2016/05/16 v1.2 Manage graphics extensions (HO)

(/usr/share/texlive/texmf-dist/tex/generic/oberdiek/kvdefinekeys.sty
Package: kvdefinekeys 2016/05/16 v1.4 Define keys (HO)

(/usr/share/texlive/texmf-dist/tex/generic/oberdiek/ltxcmds.sty
Package: ltxcmds 2016/05/16 v1.23 LaTeX kernel commands for general use (HO)
)))
(/usr/share/texlive/texmf-dist/tex/latex/oberdiek/kvoptions.sty
Package: kvoptions 2016/05/16 v3.12 Key value format for package options (HO)

(/usr/share/texlive/texmf-dist/tex/generic/oberdiek/kvsetkeys.sty
Package: kvsetkeys 2016/05/16 v1.17 Key value parser (HO)

(/usr/share/texlive/texmf-dist/tex/generic/oberdiek/etexcmds.sty
Package: etexcmds 2016/05/16 v1.6 Avoid name clashes with e-TeX commands (HO)

(/usr/share/texlive/texmf-dist/tex/generic/oberdiek/ifluatex.sty
Package: ifluatex 2016/05/16 v1.4 Provides the ifluatex switch (HO)
Package ifluatex Info: LuaTeX not detected.
)
Package etexcmds Info: Could not find \expanded.
(etexcmds)             That can mean that you are not using pdfTeX 1.50 or
(etexcmds)             that some package has redefined \expanded.
(etexcmds)             In the latter case, load this package earlier.
)))
(/usr/share/texlive/texmf-dist/tex/generic/oberdiek/pdftexcmds.sty
Package: pdftexcmds 2017/03/19 v0.25 Utility functions of pdfTeX for LuaTeX (HO
)

(/usr/share/texlive/texmf-dist/tex/generic/oberdiek/ifpdf.sty
Package: ifpdf 2017/03/15 v3.2 Provides the ifpdf switch
)
Package pdftexcmds Info: LuaTeX not detected.
Package pdftexcmds Info: \pdf@primitive is available.
Package pdftexcmds Info: \pdf@ifprimitive is available.
Package pdftexcmds Info: \pdfdraftmode found.
)
Package epstopdf-base Info: Redefining graphics rule for `.eps' on input line 4
38.
Package grfext Info: Graphics extension search list:
(grfext)             [.pdf,.png,.jpg,.mps,.jpeg,.jbig2,.jb2,.PDF,.PNG,.JPG,.JPE
G,.JBIG2,.JB2,.eps]
(grfext)             \AppendGraphicsExtensions on input line 456.

(/usr/share/texlive/texmf-dist/tex/latex/latexconfig/epstopdf-sys.cfg
File: epstopdf-sys.cfg 2010/07/13 v1.3 Configuration of (r)epstopdf for TeX Liv
e
))
SVJour3 warning: Missing \journalname
LaTeX Font Info:    Font shape `OT1/ptm/bx/n' in size <10> not available
(Font)              Font shape `OT1/ptm/b/n' tried instead on input line 118.
LaTeX Font Info:    Font shape `OT1/ptm/bx/n' in size <13> not available
(Font)              Font shape `OT1/ptm/b/n' tried instead on input line 118.
LaTeX Font Info:    Font shape `U/lasy/b/n' in size <7> not available
(Font)              Font shape `U/lasy/m/n' tried instead on input line 118.
LaTeX Font Info:    Font shape `U/lasy/b/n' in size <5> not available
(Font)              Font shape `U/lasy/m/n' tried instead on input line 118.
LaTeX Font Info:    Try loading font information for U+rsfs on input line 118.
(/usr/share/texlive/texmf-dist/tex/latex/jknapltx/ursfs.fd
File: ursfs.fd 1998/03/24 rsfs font definition file (jk)
)
LaTeX Font Info:    Try loading font information for U+msa on input line 118.

(/usr/share/texlive/texmf-dist/tex/latex/amsfonts/umsa.fd
File: umsa.fd 2013/01/14 v3.01 AMS symbols A
)
LaTeX Font Info:    Try loading font information for U+msb on input line 118.

(/usr/share/texlive/texmf-dist/tex/latex/amsfonts/umsb.fd
File: umsb.fd 2013/01/14 v3.01 AMS symbols B
)

SVJour3 Warning: Title too long for running head.
Please supply a shorter form with \titlerunning prior to \maketitle
[1{/var/lib/texmf/fonts/map/pdftex/updmap/pdftex.map}] [2]
LaTeX Font Info:    Font shape `OT1/ptm/bx/n' in size <8> not available
(Font)              Font shape `OT1/ptm/b/n' tried instead on input line 206.

Overfull \hbox (25.15973pt too wide) in paragraph at lines 207--232
 [][][] 
 []

<Figures_Warping_paras_de_gestion.pdf, id=17, pagebox=cropbox, 542.025pt x 782.
925pt>
File: Figures_Warping_paras_de_gestion.pdf Graphic file (type pdf)
<use Figures_Warping_paras_de_gestion.pdf>
Package pdftex.def Info: Figures_Warping_paras_de_gestion.pdf  used on input li
ne 236. on input line 236.
Package pdftex.def Info: Requested size: 338.0pt x 236.20047pt on input line 23
6.
[3]
Underfull \vbox (badness 1946) has occurred while \output is active []

 [4 <./Figures_Warping_paras_de_gestion.pdf>] [5] [6]
Overfull \hbox (4.9855pt too wide) in paragraph at lines 411--414
\OT1/ptm/m/n/10 to han-dle this prob-lem is to dis-tort lo-cally the space so t
hat the sub-space $\OMS/cmsy/m/n/10 f\OT1/cmr/m/n/10 (\OML/cmm/m/it/10 x[]; \OT
1/cmr/bx/n/10 x[]\OT1/cmr/m/n/10 )\OMS/cmsy/m/n/10 j\OML/cmm/m/it/10 x[] \OT1/c
mr/m/n/10 =
 []

[7]
<def2Dsimple.pdf, id=105, pagebox=cropbox, 578.16pt x 433.62pt>
File: def2Dsimple.pdf Graphic file (type pdf)
<use def2Dsimple.pdf>
Package pdftex.def Info: def2Dsimple.pdf  used on input line 472. on input line
 472.
Package pdftex.def Info: Requested size: 270.40103pt x 202.79572pt on input lin
e 472.
<simu2Dsimple.pdf, id=106, pagebox=cropbox, 578.16pt x 433.62pt>
File: simu2Dsimple.pdf Graphic file (type pdf)
<use simu2Dsimple.pdf>
Package pdftex.def Info: simu2Dsimple.pdf  used on input line 479. on input lin
e 479.
Package pdftex.def Info: Requested size: 338.0pt x 105.88318pt on input line 47
9.
 [8] [9 <./simu2Dsimple.pdf> <./def2Dsimple.pdf>]
<def3Dedge.pdf, id=127, pagebox=cropbox, 256.96pt x 256.96pt>
File: def3Dedge.pdf Graphic file (type pdf)
<use def3Dedge.pdf>
Package pdftex.def Info: def3Dedge.pdf  used on input line 530. on input line 5
30.
Package pdftex.def Info: Requested size: 101.40103pt x 101.40202pt on input lin
e 530.
<defAND.pdf, id=128, pagebox=cropbox, 256.96pt x 256.96pt>
File: defAND.pdf Graphic file (type pdf)
<use defAND.pdf>
Package pdftex.def Info: defAND.pdf  used on input line 531. on input line 531.

Package pdftex.def Info: Requested size: 101.40103pt x 101.40202pt on input lin
e 531.
<def3Daff.pdf, id=129, pagebox=cropbox, 256.96pt x 256.96pt>
File: def3Daff.pdf Graphic file (type pdf)
<use def3Daff.pdf>
Package pdftex.def Info: def3Daff.pdf  used on input line 532. on input line 53
2.
Package pdftex.def Info: Requested size: 101.40103pt x 101.40202pt on input lin
e 532.
<def3DORs.pdf, id=130, pagebox=cropbox, 256.96pt x 256.96pt>
File: def3DORs.pdf Graphic file (type pdf)
<use def3DORs.pdf>
Package pdftex.def Info: def3DORs.pdf  used on input line 568. on input line 56
8.
Package pdftex.def Info: Requested size: 135.19794pt x 135.20007pt on input lin
e 568.
<def3DOR2s.pdf, id=131, pagebox=cropbox, 256.96pt x 256.96pt>
File: def3DOR2s.pdf Graphic file (type pdf)
<use def3DOR2s.pdf>
Package pdftex.def Info: def3DOR2s.pdf  used on input line 569. on input line 5
69.
Package pdftex.def Info: Requested size: 135.19794pt x 135.20007pt on input lin
e 569.
 [10 <./def3Dedge.pdf> <./defAND.pdf> <./def3Daff.pdf>]
<def2DOR.pdf, id=206, pagebox=cropbox, 578.16pt x 433.62pt>
File: def2DOR.pdf Graphic file (type pdf)
<use def2DOR.pdf>
Package pdftex.def Info: def2DOR.pdf  used on input line 603. on input line 603
.
Package pdftex.def Info: Requested size: 270.40103pt x 202.79572pt on input lin
e 603.
<def3Dcirc1.pdf, id=207, pagebox=cropbox, 256.96pt x 256.96pt>
File: def3Dcirc1.pdf Graphic file (type pdf)
<use def3Dcirc1.pdf>
Package pdftex.def Info: def3Dcirc1.pdf  used on input line 631. on input line 
631.
Package pdftex.def Info: Requested size: 135.19794pt x 135.20007pt on input lin
e 631.
<def3Dcirc2.pdf, id=208, pagebox=cropbox, 256.96pt x 256.96pt>
File: def3Dcirc2.pdf Graphic file (type pdf)
<use def3Dcirc2.pdf>
Package pdftex.def Info: def3Dcirc2.pdf  used on input line 632. on input line 
632.
Package pdftex.def Info: Requested size: 135.19794pt x 135.20007pt on input lin
e 632.
 [11 <./def3DORs.pdf> <./def3DOR2s.pdf>] [12 <./def2DOR.pdf> <./def3Dcirc1.pdf>
 <./def3Dcirc2.pdf>]
LaTeX Font Info:    Try loading font information for OT1+pcr on input line 678.


(/usr/share/texlive/texmf-dist/tex/latex/psnfss/ot1pcr.fd
File: ot1pcr.fd 2001/06/04 font definitions for OT1/pcr.
) [13]
<Figures_Warping_resultats_warping_moins_sanswarping.pdf, id=313, pagebox=cropb
ox, 542.025pt x 782.925pt>
File: Figures_Warping_resultats_warping_moins_sanswarping.pdf Graphic file (typ
e pdf)
<use Figures_Warping_resultats_warping_moins_sanswarping.pdf>
Package pdftex.def Info: Figures_Warping_resultats_warping_moins_sanswarping.pd
f  used on input line 703. on input line 703.
Package pdftex.def Info: Requested size: 338.0pt x 182.72787pt on input line 70
3.
 [14 <./Figures_Warping_resultats_warping_moins_sanswarping.pdf>]
<Figures_Warping_resultats_courbes_moyennes_mean_NPV_warping_sanswarping.pdf, i
d=340, pagebox=cropbox, 542.025pt x 782.925pt>
File: Figures_Warping_resultats_courbes_moyennes_mean_NPV_warping_sanswarping.p
df Graphic file (type pdf)
<use Figures_Warping_resultats_courbes_moyennes_mean_NPV_warping_sanswarping.pd
f>
Package pdftex.def Info: Figures_Warping_resultats_courbes_moyennes_mean_NPV_wa
rping_sanswarping.pdf  used on input line 713. on input line 713.
Package pdftex.def Info: Requested size: 338.0pt x 191.75992pt on input line 71
3.
<Figures_Warping_resultats_courbes_regression_lineaire_warping_sanswarping.pdf,
 id=342, pagebox=cropbox, 542.025pt x 782.925pt>
File: Figures_Warping_resultats_courbes_regression_lineaire_warping_sanswarping
.pdf Graphic file (type pdf)
<use Figures_Warping_resultats_courbes_regression_lineaire_warping_sanswarping.
pdf>
Package pdftex.def Info: Figures_Warping_resultats_courbes_regression_lineaire_
warping_sanswarping.pdf  used on input line 720. on input line 720.
Package pdftex.def Info: Requested size: 338.0pt x 226.78647pt on input line 72
0.
<Figures_Warping_resultats_courbes_algoCoco_0_18000.pdf, id=344, pagebox=cropbo
x, 542.025pt x 782.925pt>
File: Figures_Warping_resultats_courbes_algoCoco_0_18000.pdf Graphic file (type
 pdf)
<use Figures_Warping_resultats_courbes_algoCoco_0_18000.pdf>
Package pdftex.def Info: Figures_Warping_resultats_courbes_algoCoco_0_18000.pdf
  used on input line 726. on input line 726.
Package pdftex.def Info: Requested size: 338.0pt x 195.09474pt on input line 72
6.
<Figures_Warping_resultats_courbes_algoCoco_10000_18000.pdf, id=346, pagebox=cr
opbox, 542.025pt x 782.925pt>
File: Figures_Warping_resultats_courbes_algoCoco_10000_18000.pdf Graphic file (
type pdf)
<use Figures_Warping_resultats_courbes_algoCoco_10000_18000.pdf>
Package pdftex.def Info: Figures_Warping_resultats_courbes_algoCoco_10000_18000
.pdf  used on input line 732. on input line 732.
Package pdftex.def Info: Requested size: 338.0pt x 195.78606pt on input line 73
2.
 [15 <./Figures_Warping_resultats_courbes_moyennes_mean_NPV_warping_sanswarping
.pdf>] [16 <./Figures_Warping_resultats_courbes_regression_lineaire_warping_san
swarping.pdf> <./Figures_Warping_resultats_courbes_algoCoco_0_18000.pdf>] (./wa
rping.bbl [17 <./Figures_Warping_resultats_courbes_algoCoco_10000_18000.pdf>]
Missing character: There is no Ã in font ptmr7t!
Missing character: There is no © in font ptmr7t!

Underfull \vbox (badness 10000) has occurred while \output is active []

 [18])
[19] (./warping.aux) ) 
Here is how much of TeX's memory you used:
 4653 strings out of 492990
 66180 string characters out of 6135005
 141003 words of memory out of 5000000
 8073 multiletter control sequences out of 15000+600000
 27161 words of font info for 76 fonts, out of 8000000 for 9000
 1141 hyphenation exceptions out of 8191
 41i,10n,35p,655b,322s stack positions out of 5000i,500n,10000p,200000b,80000s
{/usr/share/texlive/texmf-dist/fonts/enc/dvips/base/8r.en
c}</usr/share/texlive/texmf-dist/fonts/type1/public/amsfonts/cm/cmbsy10.pfb></u
sr/share/texlive/texmf-dist/fonts/type1/public/amsfonts/cm/cmbx10.pfb></usr/sha
re/texlive/texmf-dist/fonts/type1/public/amsfonts/cm/cmex10.pfb></usr/share/tex
live/texmf-dist/fonts/type1/public/amsfonts/cm/cmmi10.pfb></usr/share/texlive/t
exmf-dist/fonts/type1/public/amsfonts/cm/cmmi5.pfb></usr/share/texlive/texmf-di
st/fonts/type1/public/amsfonts/cm/cmmi6.pfb></usr/share/texlive/texmf-dist/font
s/type1/public/amsfonts/cm/cmmi7.pfb></usr/share/texlive/texmf-dist/fonts/type1
/public/amsfonts/cm/cmmi8.pfb></usr/share/texlive/texmf-dist/fonts/type1/public
/amsfonts/cm/cmmib10.pfb></usr/share/texlive/texmf-dist/fonts/type1/public/amsf
onts/cm/cmr10.pfb></usr/share/texlive/texmf-dist/fonts/type1/public/amsfonts/cm
/cmr5.pfb></usr/share/texlive/texmf-dist/fonts/type1/public/amsfonts/cm/cmr6.pf
b></usr/share/texlive/texmf-dist/fonts/type1/public/amsfonts/cm/cmr7.pfb></usr/
share/texlive/texmf-dist/fonts/type1/public/amsfonts/cm/cmr8.pfb></usr/share/te
xlive/texmf-dist/fonts/type1/public/amsfonts/cm/cmsy10.pfb></usr/share/texlive/
texmf-dist/fonts/type1/public/amsfonts/cm/cmsy6.pfb></usr/share/texlive/texmf-d
ist/fonts/type1/public/amsfonts/cm/cmsy7.pfb></usr/share/texlive/texmf-dist/fon
ts/type1/public/amsfonts/cm/cmsy8.pfb></usr/share/texlive/texmf-dist/fonts/type
1/public/amsfonts/symbols/msbm10.pfb></usr/share/texlive/texmf-dist/fonts/type1
/urw/courier/ucrr8a.pfb></usr/share/texlive/texmf-dist/fonts/type1/urw/times/ut
mb8a.pfb></usr/share/texlive/texmf-dist/fonts/type1/urw/times/utmr8a.pfb></usr/
share/texlive/texmf-dist/fonts/type1/urw/times/utmri8a.pfb>
Output written on warping.pdf (19 pages, 7117931 bytes).
PDF statistics:
 500 PDF objects out of 1000 (max. 8388607)
 378 compressed objects within 4 object streams
 0 named destinations out of 1000 (max. 500000)
 123 words of extra memory for PDF output out of 10000 (max. 10000000)

